This is pdfTeX, Version 3.141592653-2.6-1.40.22 (TeX Live 2022/dev/Debian) (preloaded format=pdflatex 2022.8.9)  1 APR 2023 12:45
entering extended mode
 restricted \write18 enabled.
 %&-line parsing enabled.
**pylog.tex
(./pylog.tex
LaTeX2e <2021-11-15> patch level 1
L3 programming layer <2022-01-21>
(/usr/share/texlive/texmf-dist/tex/latex/base/article.cls
Document Class: article 2021/10/04 v1.4n Standard LaTeX document class
(/usr/share/texlive/texmf-dist/tex/latex/base/leqno.clo
File: leqno.clo 2016/12/29 v1.2b Standard LaTeX option (left equation numbers)
)
(/usr/share/texlive/texmf-dist/tex/latex/base/size12.clo
File: size12.clo 2021/10/04 v1.4n Standard LaTeX file (size option)
)
\c@part=\count185
\c@section=\count186
\c@subsection=\count187
\c@subsubsection=\count188
\c@paragraph=\count189
\c@subparagraph=\count190
\c@figure=\count191
\c@table=\count192
\abovecaptionskip=\skip47
\belowcaptionskip=\skip48
\bibindent=\dimen138
)
(/usr/share/texlive/texmf-dist/tex/latex/geometry/geometry.sty
Package: geometry 2020/01/02 v5.9 Page Geometry

(/usr/share/texlive/texmf-dist/tex/latex/graphics/keyval.sty
Package: keyval 2014/10/28 v1.15 key=value parser (DPC)
\KV@toks@=\toks16
)
(/usr/share/texlive/texmf-dist/tex/generic/iftex/ifvtex.sty
Package: ifvtex 2019/10/25 v1.7 ifvtex legacy package. Use iftex instead.

(/usr/share/texlive/texmf-dist/tex/generic/iftex/iftex.sty
Package: iftex 2020/03/06 v1.0d TeX engine tests
))
\Gm@cnth=\count193
\Gm@cntv=\count194
\c@Gm@tempcnt=\count195
\Gm@bindingoffset=\dimen139
\Gm@wd@mp=\dimen140
\Gm@odd@mp=\dimen141
\Gm@even@mp=\dimen142
\Gm@layoutwidth=\dimen143
\Gm@layoutheight=\dimen144
\Gm@layouthoffset=\dimen145
\Gm@layoutvoffset=\dimen146
\Gm@dimlist=\toks17
)
(/usr/share/texlive/texmf-dist/tex/latex/comment/comment.sty
\CommentStream=\write3

Excluding comment 'comment')
(/usr/share/texlive/texmf-dist/tex/latex/base/fontenc.sty
Package: fontenc 2021/04/29 v2.0v Standard LaTeX package
)
(/usr/share/texmf/tex/latex/tex-gyre/tgbonum.sty
Package: tgbonum 2009/09/27 v1.2 TeX Gyre Bonum as default roman family

(/usr/share/texlive/texmf-dist/tex/latex/kvoptions/kvoptions.sty
Package: kvoptions 2020-10-07 v3.14 Key value format for package options (HO)

(/usr/share/texlive/texmf-dist/tex/generic/ltxcmds/ltxcmds.sty
Package: ltxcmds 2020-05-10 v1.25 LaTeX kernel commands for general use (HO)
)
(/usr/share/texlive/texmf-dist/tex/generic/kvsetkeys/kvsetkeys.sty
Package: kvsetkeys 2019/12/15 v1.18 Key value parser (HO)
)))
(/usr/share/texlive/texmf-dist/tex/latex/tikz-cd/tikz-cd.sty
Package: tikz-cd 2021/05/04 v1.0 Commutative diagrams with TikZ

(/usr/share/texlive/texmf-dist/tex/latex/pgf/frontendlayer/tikz.sty
(/usr/share/texlive/texmf-dist/tex/latex/pgf/basiclayer/pgf.sty
(/usr/share/texlive/texmf-dist/tex/latex/pgf/utilities/pgfrcs.sty
(/usr/share/texlive/texmf-dist/tex/generic/pgf/utilities/pgfutil-common.tex
\pgfutil@everybye=\toks18
\pgfutil@tempdima=\dimen147
\pgfutil@tempdimb=\dimen148

(/usr/share/texlive/texmf-dist/tex/generic/pgf/utilities/pgfutil-common-lists.t
ex)) (/usr/share/texlive/texmf-dist/tex/generic/pgf/utilities/pgfutil-latex.def
\pgfutil@abb=\box50
) (/usr/share/texlive/texmf-dist/tex/generic/pgf/utilities/pgfrcs.code.tex
(/usr/share/texlive/texmf-dist/tex/generic/pgf/pgf.revision.tex)
Package: pgfrcs 2021/05/15 v3.1.9a (3.1.9a)
))
Package: pgf 2021/05/15 v3.1.9a (3.1.9a)

(/usr/share/texlive/texmf-dist/tex/latex/pgf/basiclayer/pgfcore.sty
(/usr/share/texlive/texmf-dist/tex/latex/graphics/graphicx.sty
Package: graphicx 2021/09/16 v1.2d Enhanced LaTeX Graphics (DPC,SPQR)

(/usr/share/texlive/texmf-dist/tex/latex/graphics/graphics.sty
Package: graphics 2021/03/04 v1.4d Standard LaTeX Graphics (DPC,SPQR)

(/usr/share/texlive/texmf-dist/tex/latex/graphics/trig.sty
Package: trig 2021/08/11 v1.11 sin cos tan (DPC)
)
(/usr/share/texlive/texmf-dist/tex/latex/graphics-cfg/graphics.cfg
File: graphics.cfg 2016/06/04 v1.11 sample graphics configuration
)
Package graphics Info: Driver file: pdftex.def on input line 107.

(/usr/share/texlive/texmf-dist/tex/latex/graphics-def/pdftex.def
File: pdftex.def 2020/10/05 v1.2a Graphics/color driver for pdftex
))
\Gin@req@height=\dimen149
\Gin@req@width=\dimen150
)
(/usr/share/texlive/texmf-dist/tex/latex/pgf/systemlayer/pgfsys.sty
(/usr/share/texlive/texmf-dist/tex/generic/pgf/systemlayer/pgfsys.code.tex
Package: pgfsys 2021/05/15 v3.1.9a (3.1.9a)

(/usr/share/texlive/texmf-dist/tex/generic/pgf/utilities/pgfkeys.code.tex
\pgfkeys@pathtoks=\toks19
\pgfkeys@temptoks=\toks20

(/usr/share/texlive/texmf-dist/tex/generic/pgf/utilities/pgfkeysfiltered.code.t
ex
\pgfkeys@tmptoks=\toks21
))
\pgf@x=\dimen151
\pgf@y=\dimen152
\pgf@xa=\dimen153
\pgf@ya=\dimen154
\pgf@xb=\dimen155
\pgf@yb=\dimen156
\pgf@xc=\dimen157
\pgf@yc=\dimen158
\pgf@xd=\dimen159
\pgf@yd=\dimen160
\w@pgf@writea=\write4
\r@pgf@reada=\read2
\c@pgf@counta=\count196
\c@pgf@countb=\count197
\c@pgf@countc=\count198
\c@pgf@countd=\count199
\t@pgf@toka=\toks22
\t@pgf@tokb=\toks23
\t@pgf@tokc=\toks24
\pgf@sys@id@count=\count266
 (/usr/share/texlive/texmf-dist/tex/generic/pgf/systemlayer/pgf.cfg
File: pgf.cfg 2021/05/15 v3.1.9a (3.1.9a)
)
Driver file for pgf: pgfsys-pdftex.def

(/usr/share/texlive/texmf-dist/tex/generic/pgf/systemlayer/pgfsys-pdftex.def
File: pgfsys-pdftex.def 2021/05/15 v3.1.9a (3.1.9a)

(/usr/share/texlive/texmf-dist/tex/generic/pgf/systemlayer/pgfsys-common-pdf.de
f
File: pgfsys-common-pdf.def 2021/05/15 v3.1.9a (3.1.9a)
)))
(/usr/share/texlive/texmf-dist/tex/generic/pgf/systemlayer/pgfsyssoftpath.code.
tex
File: pgfsyssoftpath.code.tex 2021/05/15 v3.1.9a (3.1.9a)
\pgfsyssoftpath@smallbuffer@items=\count267
\pgfsyssoftpath@bigbuffer@items=\count268
)
(/usr/share/texlive/texmf-dist/tex/generic/pgf/systemlayer/pgfsysprotocol.code.
tex
File: pgfsysprotocol.code.tex 2021/05/15 v3.1.9a (3.1.9a)
)) (/usr/share/texlive/texmf-dist/tex/latex/xcolor/xcolor.sty
Package: xcolor 2021/10/31 v2.13 LaTeX color extensions (UK)

(/usr/share/texlive/texmf-dist/tex/latex/graphics-cfg/color.cfg
File: color.cfg 2016/01/02 v1.6 sample color configuration
)
Package xcolor Info: Driver file: pdftex.def on input line 227.
Package xcolor Info: Model `cmy' substituted by `cmy0' on input line 1352.
Package xcolor Info: Model `hsb' substituted by `rgb' on input line 1356.
Package xcolor Info: Model `RGB' extended on input line 1368.
Package xcolor Info: Model `HTML' substituted by `rgb' on input line 1370.
Package xcolor Info: Model `Hsb' substituted by `hsb' on input line 1371.
Package xcolor Info: Model `tHsb' substituted by `hsb' on input line 1372.
Package xcolor Info: Model `HSB' substituted by `hsb' on input line 1373.
Package xcolor Info: Model `Gray' substituted by `gray' on input line 1374.
Package xcolor Info: Model `wave' substituted by `hsb' on input line 1375.
)
(/usr/share/texlive/texmf-dist/tex/generic/pgf/basiclayer/pgfcore.code.tex
Package: pgfcore 2021/05/15 v3.1.9a (3.1.9a)

(/usr/share/texlive/texmf-dist/tex/generic/pgf/math/pgfmath.code.tex
(/usr/share/texlive/texmf-dist/tex/generic/pgf/math/pgfmathcalc.code.tex
(/usr/share/texlive/texmf-dist/tex/generic/pgf/math/pgfmathutil.code.tex)
(/usr/share/texlive/texmf-dist/tex/generic/pgf/math/pgfmathparser.code.tex
\pgfmath@dimen=\dimen161
\pgfmath@count=\count269
\pgfmath@box=\box51
\pgfmath@toks=\toks25
\pgfmath@stack@operand=\toks26
\pgfmath@stack@operation=\toks27
)
(/usr/share/texlive/texmf-dist/tex/generic/pgf/math/pgfmathfunctions.code.tex
(/usr/share/texlive/texmf-dist/tex/generic/pgf/math/pgfmathfunctions.basic.code
.tex)
(/usr/share/texlive/texmf-dist/tex/generic/pgf/math/pgfmathfunctions.trigonomet
ric.code.tex)
(/usr/share/texlive/texmf-dist/tex/generic/pgf/math/pgfmathfunctions.random.cod
e.tex)
(/usr/share/texlive/texmf-dist/tex/generic/pgf/math/pgfmathfunctions.comparison
.code.tex)
(/usr/share/texlive/texmf-dist/tex/generic/pgf/math/pgfmathfunctions.base.code.
tex)
(/usr/share/texlive/texmf-dist/tex/generic/pgf/math/pgfmathfunctions.round.code
.tex)
(/usr/share/texlive/texmf-dist/tex/generic/pgf/math/pgfmathfunctions.misc.code.
tex)
(/usr/share/texlive/texmf-dist/tex/generic/pgf/math/pgfmathfunctions.integerari
thmetics.code.tex)))
(/usr/share/texlive/texmf-dist/tex/generic/pgf/math/pgfmathfloat.code.tex
\c@pgfmathroundto@lastzeros=\count270
))
(/usr/share/texlive/texmf-dist/tex/generic/pgf/math/pgfint.code.tex)
(/usr/share/texlive/texmf-dist/tex/generic/pgf/basiclayer/pgfcorepoints.code.te
x
File: pgfcorepoints.code.tex 2021/05/15 v3.1.9a (3.1.9a)
\pgf@picminx=\dimen162
\pgf@picmaxx=\dimen163
\pgf@picminy=\dimen164
\pgf@picmaxy=\dimen165
\pgf@pathminx=\dimen166
\pgf@pathmaxx=\dimen167
\pgf@pathminy=\dimen168
\pgf@pathmaxy=\dimen169
\pgf@xx=\dimen170
\pgf@xy=\dimen171
\pgf@yx=\dimen172
\pgf@yy=\dimen173
\pgf@zx=\dimen174
\pgf@zy=\dimen175
LaTeX Font Info:    Trying to load font information for T1+qbk on input line 92
6.
 (/usr/share/texmf/tex/latex/tex-gyre/t1qbk.fd
File: t1qbk.fd 2009/09/25 v1.2 font definition file for T1/qbk
))
(/usr/share/texlive/texmf-dist/tex/generic/pgf/basiclayer/pgfcorepathconstruct.
code.tex
File: pgfcorepathconstruct.code.tex 2021/05/15 v3.1.9a (3.1.9a)
\pgf@path@lastx=\dimen176
\pgf@path@lasty=\dimen177
)
(/usr/share/texlive/texmf-dist/tex/generic/pgf/basiclayer/pgfcorepathusage.code
.tex
File: pgfcorepathusage.code.tex 2021/05/15 v3.1.9a (3.1.9a)
\pgf@shorten@end@additional=\dimen178
\pgf@shorten@start@additional=\dimen179
)
(/usr/share/texlive/texmf-dist/tex/generic/pgf/basiclayer/pgfcorescopes.code.te
x
File: pgfcorescopes.code.tex 2021/05/15 v3.1.9a (3.1.9a)
\pgfpic=\box52
\pgf@hbox=\box53
\pgf@layerbox@main=\box54
\pgf@picture@serial@count=\count271
)
(/usr/share/texlive/texmf-dist/tex/generic/pgf/basiclayer/pgfcoregraphicstate.c
ode.tex
File: pgfcoregraphicstate.code.tex 2021/05/15 v3.1.9a (3.1.9a)
\pgflinewidth=\dimen180
)
(/usr/share/texlive/texmf-dist/tex/generic/pgf/basiclayer/pgfcoretransformation
s.code.tex
File: pgfcoretransformations.code.tex 2021/05/15 v3.1.9a (3.1.9a)
\pgf@pt@x=\dimen181
\pgf@pt@y=\dimen182
\pgf@pt@temp=\dimen183
)
(/usr/share/texlive/texmf-dist/tex/generic/pgf/basiclayer/pgfcorequick.code.tex
File: pgfcorequick.code.tex 2021/05/15 v3.1.9a (3.1.9a)
)
(/usr/share/texlive/texmf-dist/tex/generic/pgf/basiclayer/pgfcoreobjects.code.t
ex
File: pgfcoreobjects.code.tex 2021/05/15 v3.1.9a (3.1.9a)
)
(/usr/share/texlive/texmf-dist/tex/generic/pgf/basiclayer/pgfcorepathprocessing
.code.tex
File: pgfcorepathprocessing.code.tex 2021/05/15 v3.1.9a (3.1.9a)
)
(/usr/share/texlive/texmf-dist/tex/generic/pgf/basiclayer/pgfcorearrows.code.te
x
File: pgfcorearrows.code.tex 2021/05/15 v3.1.9a (3.1.9a)
\pgfarrowsep=\dimen184
)
(/usr/share/texlive/texmf-dist/tex/generic/pgf/basiclayer/pgfcoreshade.code.tex
File: pgfcoreshade.code.tex 2021/05/15 v3.1.9a (3.1.9a)
\pgf@max=\dimen185
\pgf@sys@shading@range@num=\count272
\pgf@shadingcount=\count273
)
(/usr/share/texlive/texmf-dist/tex/generic/pgf/basiclayer/pgfcoreimage.code.tex
File: pgfcoreimage.code.tex 2021/05/15 v3.1.9a (3.1.9a)

(/usr/share/texlive/texmf-dist/tex/generic/pgf/basiclayer/pgfcoreexternal.code.
tex
File: pgfcoreexternal.code.tex 2021/05/15 v3.1.9a (3.1.9a)
\pgfexternal@startupbox=\box55
))
(/usr/share/texlive/texmf-dist/tex/generic/pgf/basiclayer/pgfcorelayers.code.te
x
File: pgfcorelayers.code.tex 2021/05/15 v3.1.9a (3.1.9a)
)
(/usr/share/texlive/texmf-dist/tex/generic/pgf/basiclayer/pgfcoretransparency.c
ode.tex
File: pgfcoretransparency.code.tex 2021/05/15 v3.1.9a (3.1.9a)
)
(/usr/share/texlive/texmf-dist/tex/generic/pgf/basiclayer/pgfcorepatterns.code.
tex
File: pgfcorepatterns.code.tex 2021/05/15 v3.1.9a (3.1.9a)
)
(/usr/share/texlive/texmf-dist/tex/generic/pgf/basiclayer/pgfcorerdf.code.tex
File: pgfcorerdf.code.tex 2021/05/15 v3.1.9a (3.1.9a)
)))
(/usr/share/texlive/texmf-dist/tex/generic/pgf/modules/pgfmoduleshapes.code.tex
File: pgfmoduleshapes.code.tex 2021/05/15 v3.1.9a (3.1.9a)
\pgfnodeparttextbox=\box56
) (/usr/share/texlive/texmf-dist/tex/generic/pgf/modules/pgfmoduleplot.code.tex
File: pgfmoduleplot.code.tex 2021/05/15 v3.1.9a (3.1.9a)
)
(/usr/share/texlive/texmf-dist/tex/latex/pgf/compatibility/pgfcomp-version-0-65
.sty
Package: pgfcomp-version-0-65 2021/05/15 v3.1.9a (3.1.9a)
\pgf@nodesepstart=\dimen186
\pgf@nodesepend=\dimen187
)
(/usr/share/texlive/texmf-dist/tex/latex/pgf/compatibility/pgfcomp-version-1-18
.sty
Package: pgfcomp-version-1-18 2021/05/15 v3.1.9a (3.1.9a)
)) (/usr/share/texlive/texmf-dist/tex/latex/pgf/utilities/pgffor.sty
(/usr/share/texlive/texmf-dist/tex/latex/pgf/utilities/pgfkeys.sty
(/usr/share/texlive/texmf-dist/tex/generic/pgf/utilities/pgfkeys.code.tex))
(/usr/share/texlive/texmf-dist/tex/latex/pgf/math/pgfmath.sty
(/usr/share/texlive/texmf-dist/tex/generic/pgf/math/pgfmath.code.tex))
(/usr/share/texlive/texmf-dist/tex/generic/pgf/utilities/pgffor.code.tex
Package: pgffor 2021/05/15 v3.1.9a (3.1.9a)

(/usr/share/texlive/texmf-dist/tex/generic/pgf/math/pgfmath.code.tex)
\pgffor@iter=\dimen188
\pgffor@skip=\dimen189
\pgffor@stack=\toks28
\pgffor@toks=\toks29
))
(/usr/share/texlive/texmf-dist/tex/generic/pgf/frontendlayer/tikz/tikz.code.tex
Package: tikz 2021/05/15 v3.1.9a (3.1.9a)

(/usr/share/texlive/texmf-dist/tex/generic/pgf/libraries/pgflibraryplothandlers
.code.tex
File: pgflibraryplothandlers.code.tex 2021/05/15 v3.1.9a (3.1.9a)
\pgf@plot@mark@count=\count274
\pgfplotmarksize=\dimen190
)
\tikz@lastx=\dimen191
\tikz@lasty=\dimen192
\tikz@lastxsaved=\dimen193
\tikz@lastysaved=\dimen194
\tikz@lastmovetox=\dimen195
\tikz@lastmovetoy=\dimen196
\tikzleveldistance=\dimen197
\tikzsiblingdistance=\dimen198
\tikz@figbox=\box57
\tikz@figbox@bg=\box58
\tikz@tempbox=\box59
\tikz@tempbox@bg=\box60
\tikztreelevel=\count275
\tikznumberofchildren=\count276
\tikznumberofcurrentchild=\count277
\tikz@fig@count=\count278

(/usr/share/texlive/texmf-dist/tex/generic/pgf/modules/pgfmodulematrix.code.tex
File: pgfmodulematrix.code.tex 2021/05/15 v3.1.9a (3.1.9a)
\pgfmatrixcurrentrow=\count279
\pgfmatrixcurrentcolumn=\count280
\pgf@matrix@numberofcolumns=\count281
)
\tikz@expandcount=\count282

(/usr/share/texlive/texmf-dist/tex/generic/pgf/frontendlayer/tikz/libraries/tik
zlibrarytopaths.code.tex
File: tikzlibrarytopaths.code.tex 2021/05/15 v3.1.9a (3.1.9a)
)))
(/usr/share/texlive/texmf-dist/tex/generic/tikz-cd/tikzlibrarycd.code.tex
(/usr/share/texlive/texmf-dist/tex/generic/pgf/frontendlayer/tikz/libraries/tik
zlibrarymatrix.code.tex
File: tikzlibrarymatrix.code.tex 2021/05/15 v3.1.9a (3.1.9a)
)
(/usr/share/texlive/texmf-dist/tex/generic/pgf/frontendlayer/tikz/libraries/tik
zlibraryquotes.code.tex
File: tikzlibraryquotes.code.tex 2021/05/15 v3.1.9a (3.1.9a)
)
(/usr/share/texlive/texmf-dist/tex/generic/pgf/libraries/pgflibraryarrows.meta.
code.tex
File: pgflibraryarrows.meta.code.tex 2021/05/15 v3.1.9a (3.1.9a)
\pgfarrowinset=\dimen199
\pgfarrowlength=\dimen256
\pgfarrowwidth=\dimen257
\pgfarrowlinewidth=\dimen258
))) (/usr/share/texlive/texmf-dist/tex/latex/bussproofs/bussproofs.sty
Proof Tree (bussproofs) style macros. Version 1.1.
\theLevel=\count283
\myMaxLevel=\count284
\myBoxA=\box61
\myBoxB=\box62
\myBoxC=\box63
\myBoxD=\box64
\myBoxLL=\box65
\myBoxRL=\box66
\thisAboveSkip=\dimen259
\thisBelowSkip=\dimen260
\newScoreStart=\dimen261
\newScoreEnd=\dimen262
\newCenter=\dimen263
\displace=\dimen264
\leftLowerAmt=\dimen265
\rightLowerAmt=\dimen266
\scoreHeight=\dimen267
\scoreDepth=\dimen268
\htLbox=\dimen269
\htRbox=\dimen270
\htRRbox=\dimen271
\htRRRbox=\dimen272
\htAbox=\dimen273
\htCbox=\dimen274
) (/usr/share/texlive/texmf-dist/tex/latex/amsfonts/amssymb.sty
Package: amssymb 2013/01/14 v3.01 AMS font symbols

(/usr/share/texlive/texmf-dist/tex/latex/amsfonts/amsfonts.sty
Package: amsfonts 2013/01/14 v3.01 Basic AMSFonts support
\@emptytoks=\toks30
\symAMSa=\mathgroup4
\symAMSb=\mathgroup5
LaTeX Font Info:    Redeclaring math symbol \hbar on input line 98.
LaTeX Font Info:    Overwriting math alphabet `\mathfrak' in version `bold'
(Font)                  U/euf/m/n --> U/euf/b/n on input line 106.
))
(/usr/share/texlive/texmf-dist/tex/latex/amsmath/amsmath.sty
Package: amsmath 2021/10/15 v2.17l AMS math features
\@mathmargin=\skip49

For additional information on amsmath, use the `?' option.
(/usr/share/texlive/texmf-dist/tex/latex/amsmath/amstext.sty
Package: amstext 2021/08/26 v2.01 AMS text

(/usr/share/texlive/texmf-dist/tex/latex/amsmath/amsgen.sty
File: amsgen.sty 1999/11/30 v2.0 generic functions
\@emptytoks=\toks31
\ex@=\dimen275
))
(/usr/share/texlive/texmf-dist/tex/latex/amsmath/amsbsy.sty
Package: amsbsy 1999/11/29 v1.2d Bold Symbols
\pmbraise@=\dimen276
)
(/usr/share/texlive/texmf-dist/tex/latex/amsmath/amsopn.sty
Package: amsopn 2021/08/26 v2.02 operator names
)
\inf@bad=\count285
LaTeX Info: Redefining \frac on input line 234.
\uproot@=\count286
\leftroot@=\count287
LaTeX Info: Redefining \overline on input line 399.
\classnum@=\count288
\DOTSCASE@=\count289
LaTeX Info: Redefining \ldots on input line 496.
LaTeX Info: Redefining \dots on input line 499.
LaTeX Info: Redefining \cdots on input line 620.
\Mathstrutbox@=\box67
\strutbox@=\box68
\big@size=\dimen277
LaTeX Font Info:    Redeclaring font encoding OML on input line 743.
LaTeX Font Info:    Redeclaring font encoding OMS on input line 744.
\macc@depth=\count290
\c@MaxMatrixCols=\count291
\dotsspace@=\muskip16
\c@parentequation=\count292
\dspbrk@lvl=\count293
\tag@help=\toks32
\row@=\count294
\column@=\count295
\maxfields@=\count296
\andhelp@=\toks33
\eqnshift@=\dimen278
\alignsep@=\dimen279
\tagshift@=\dimen280
\tagwidth@=\dimen281
\totwidth@=\dimen282
\lineht@=\dimen283
\@envbody=\toks34
\multlinegap=\skip50
\multlinetaggap=\skip51
\mathdisplay@stack=\toks35
LaTeX Info: Redefining \[ on input line 2938.
LaTeX Info: Redefining \] on input line 2939.
)
(/usr/share/texlive/texmf-dist/tex/latex/lkproof/proof.sty
\inferLineSkip=\dimen284
\inferLabelSkip=\dimen285
\@LeftOffset=\dimen286
\@RightOffset=\dimen287
\@SavedLeftOffset=\dimen288
\UpperWidth=\dimen289
\LowerWidth=\dimen290
\LowerHeight=\dimen291
\UpperLeftOffset=\dimen292
\UpperRightOffset=\dimen293
\UpperCenter=\dimen294
\LowerCenter=\dimen295
\UpperAdjust=\dimen296
\RuleAdjust=\dimen297
\LowerAdjust=\dimen298
\RuleWidth=\dimen299
\HLabelAdjust=\dimen300
\VLabelAdjust=\dimen301
\WidthAdjust=\dimen302
\@UpperPart=\box69
\@LowerPart=\box70
\@LabelPart=\box71
\ResultBox=\box72
)
(/usr/share/texlive/texmf-dist/tex/latex/pst-vectorian/psvectorian.sty
(/usr/share/texlive/texmf-dist/tex/latex/pstricks/pstricks.sty
Package: pstricks 2021/08/23 v0.71 LaTeX wrapper for `PSTricks' (RN,HV)

(/usr/share/texlive/texmf-dist/tex/generic/xkeyval/pst-xkey.tex
File: pst-xkey.tex 2005/11/25 v1.6 PSTricks specialization of xkeyval (HA)

(/usr/share/texlive/texmf-dist/tex/latex/xkeyval/xkeyval.sty
Package: xkeyval 2020/11/20 v2.8 package option processing (HA)

(/usr/share/texlive/texmf-dist/tex/generic/xkeyval/xkeyval.tex
(/usr/share/texlive/texmf-dist/tex/generic/xkeyval/xkvutils.tex
\XKV@toks=\toks36
\XKV@tempa@toks=\toks37
)
\XKV@depth=\count297
File: xkeyval.tex 2014/12/03 v2.7a key=value parser (HA)
)))
(/usr/share/texlive/texmf-dist/tex/generic/pstricks/pstricks.tex
(/usr/share/texlive/texmf-dist/tex/generic/pstricks/pst-fp.tex
`pst-fp' v0.06, 2020/11/20 (hv)
\pstFP@xs=\count298
\pstFP@xia=\count299
\pstFP@xib=\count300
\pstFP@xfa=\count301
\pstFP@xfb=\count302
\pstFP@rega=\count303
\pstFP@regb=\count304
\pstFP@regs=\count305
\pstFP@times=\count306
)
\psLoopIndex=\count307

`PSTricks' v3.13  <2022/01/09> (tvz,hv)
\pst@dima=\dimen303
\pst@dimb=\dimen304
\pst@dimc=\dimen305
\pst@dimd=\dimen306
\pst@dimg=\dimen307
\pst@dimh=\dimen308
\pst@dimm=\dimen309
\pst@dimn=\dimen310
\pst@dimo=\dimen311
\pst@dimp=\dimen312
\pst@hbox=\box73
\pst@ibox=\box74
\pst@boxg=\box75
\pst@cnta=\count308
\pst@cntb=\count309
\pst@cntc=\count310
\pst@cntd=\count311
\pst@cntg=\count312
\pst@cnth=\count313
\pst@cntm=\count314
\pst@cntn=\count315
\pst@cnto=\count316
\pst@cntp=\count317
\@zero=\count318
\pst@toks=\toks38
--- We are running latex or xelatex ---
(/usr/share/texlive/texmf-dist/tex/generic/pstricks/pstricks.con)
(/usr/share/texlive/texmf-dist/tex/generic/pstricks/pstricks-color.tex)
\psunit=\dimen313
\psxunit=\dimen314
\psyunit=\dimen315
\pst@C@@rType=\count319
\pslinewidth=\dimen316
\psk@startLW=\dimen317
\psk@endLW=\dimen318

(/usr/share/texlive/texmf-dist/tex/generic/pstricks/pstricks-arrows.tex
\pshooklength=\dimen319
\pshookwidth=\dimen320
)
\pst@customdefs=\toks39

(/usr/share/texlive/texmf-dist/tex/generic/pstricks/pstricks-dots.tex)
\pslinearc=\dimen321
\pst@symbolStep=\dimen322
\pst@symbolWidth=\dimen323
\pst@symbolLinewidth=\dimen324
\everypsbox=\toks40
\psframesep=\dimen325
\pslabelsep=\dimen326
\sh@wgridXunit=\dimen327
\sh@wgridYunit=\dimen328
\pst@shift=\dimen329
\ps@imagectr=\count320

(/usr/share/texlive/texmf-dist/tex/generic/pstricks/pstricks.con))
File: pstricks.tex 2022/01/09 v3.13 `PSTricks' (tvz,hv)

(/usr/share/texlive/texmf-dist/tex/generic/pstricks/pst-fp.tex
`pst-fp' v0.06, 2020/11/20 (hv))
File: pst-fp.tex 2020/11/20 v0.06 `PST-fp' (hv)
)
Package: psvectorian 2021/09/06 v0.41 vector ornaments
) (/usr/share/texmf/tex/latex/CJK/CJKutf8.sty
Package: CJKutf8 2015/04/18 4.8.4

(/usr/share/texlive/texmf-dist/tex/generic/iftex/ifpdf.sty
Package: ifpdf 2019/10/25 v3.4 ifpdf legacy package. Use iftex instead.
)
(/usr/share/texlive/texmf-dist/tex/latex/base/inputenc.sty
Package: inputenc 2021/02/14 v1.3d Input encoding file
\inpenc@prehook=\toks41
\inpenc@posthook=\toks42
)
(/usr/share/texmf/tex/latex/CJK/CJK.sty
Package: CJK 2015/04/18 4.8.4

(/usr/share/texmf/tex/latex/CJK/mule/MULEenc.sty
Package: MULEenc 2015/04/18 4.8.4
)
(/usr/share/texmf/tex/latex/CJK/CJK.enc
File: CJK.enc 2015/04/18 4.8.4
Now handling font encoding C00 ...
... no UTF-8 mapping file for font encoding C00
Now handling font encoding C05 ...
... no UTF-8 mapping file for font encoding C05
Now handling font encoding C09 ...
... no UTF-8 mapping file for font encoding C09
Now handling font encoding C10 ...
... no UTF-8 mapping file for font encoding C10
Now handling font encoding C20 ...
... no UTF-8 mapping file for font encoding C20
Now handling font encoding C19 ...
... no UTF-8 mapping file for font encoding C19
Now handling font encoding C40 ...
... no UTF-8 mapping file for font encoding C40
Now handling font encoding C42 ...
... no UTF-8 mapping file for font encoding C42
Now handling font encoding C43 ...
... no UTF-8 mapping file for font encoding C43
Now handling font encoding C50 ...
... no UTF-8 mapping file for font encoding C50
Now handling font encoding C52 ...
... no UTF-8 mapping file for font encoding C52
Now handling font encoding C49 ...
... no UTF-8 mapping file for font encoding C49
Now handling font encoding C60 ...
... no UTF-8 mapping file for font encoding C60
Now handling font encoding C61 ...
... no UTF-8 mapping file for font encoding C61
Now handling font encoding C63 ...
... no UTF-8 mapping file for font encoding C63
Now handling font encoding C64 ...
... no UTF-8 mapping file for font encoding C64
Now handling font encoding C65 ...
... no UTF-8 mapping file for font encoding C65
Now handling font encoding C70 ...
... no UTF-8 mapping file for font encoding C70
Now handling font encoding C31 ...
... no UTF-8 mapping file for font encoding C31
Now handling font encoding C32 ...
... no UTF-8 mapping file for font encoding C32
Now handling font encoding C33 ...
... no UTF-8 mapping file for font encoding C33
Now handling font encoding C34 ...
... no UTF-8 mapping file for font encoding C34
Now handling font encoding C35 ...
... no UTF-8 mapping file for font encoding C35
Now handling font encoding C36 ...
... no UTF-8 mapping file for font encoding C36
Now handling font encoding C37 ...
... no UTF-8 mapping file for font encoding C37
Now handling font encoding C80 ...
... no UTF-8 mapping file for font encoding C80
Now handling font encoding C81 ...
... no UTF-8 mapping file for font encoding C81
Now handling font encoding C01 ...
... no UTF-8 mapping file for font encoding C01
Now handling font encoding C11 ...
... no UTF-8 mapping file for font encoding C11
Now handling font encoding C21 ...
... no UTF-8 mapping file for font encoding C21
Now handling font encoding C41 ...
... no UTF-8 mapping file for font encoding C41
Now handling font encoding C62 ...
... no UTF-8 mapping file for font encoding C62
)
LaTeX Info: Redefining \selectfont on input line 755.
\CJK@indent=\box76
)
(/usr/share/texlive/texmf-dist/tex/latex/base/fontenc.sty
Package: fontenc 2021/04/29 v2.0v Standard LaTeX package
))
(/usr/share/texlive/texmf-dist/tex/latex/qtree/qtree.sty
Package: 2008/12/12 v.3.1bQtree: tree-drawing for linguistics
Package: qtree 2008/12/12 v.3.1bQtree: tree-drawing for linguistics
(/usr/share/texlive/texmf-dist/tex/latex/pict2e/pict2e.sty
Package: pict2e 2020/09/30 v0.4b Improved picture commands (HjG,RN,JT)

(/usr/share/texlive/texmf-dist/tex/latex/pict2e/pict2e.cfg
File: pict2e.cfg 2016/02/05 v0.1u pict2e configuration for teTeX/TeXLive
)
Package pict2e Info: Driver file: pdftex.def on input line 112.
Package pict2e Info: Driver file for pict2e: p2e-pdftex.def on input line 114.

(/usr/share/texlive/texmf-dist/tex/latex/pict2e/p2e-pdftex.def
File: p2e-pdftex.def 2016/02/05 v0.1u Driver-dependant file (RN,HjG,JT)
)
\pIIe@GRAPH=\toks43
\@arclen=\dimen330
\@arcrad=\dimen331
\pIIe@tempdima=\dimen332
\pIIe@tempdimb=\dimen333
\pIIe@tempdimc=\dimen334
\pIIe@tempdimd=\dimen335
\pIIe@tempdime=\dimen336
\pIIe@tempdimf=\dimen337
)
\c@treecount=\count321
\c@branchcount=\count322
\parentbox=\box77
\treebox=\box78
\treeboxone=\box79
\treeboxtwo=\box80
\treeboxthree=\box81
\treeboxfour=\box82
\treeboxfive=\box83
\treeboxsix=\box84
\treeboxseven=\box85
\treeboxeight=\box86
\treeboxnine=\box87
\treeboxten=\box88
\treeboxeleven=\box89
\treeboxtwelve=\box90
\treeboxthirteen=\box91
\treeboxfourteen=\box92
\treeboxfifteen=\box93
\treeboxsixteen=\box94
\treeboxseventeen=\box95
\treeboxeighteen=\box96
\treeboxnineteen=\box97
\treeboxtwenty=\box98
\treeoffsetone=\skip52
\treeoffsettwo=\skip53
\treeoffsetthree=\skip54
\treeoffsetfour=\skip55
\treeoffsetfive=\skip56
\treeoffsetsix=\skip57
\treeoffsetseven=\skip58
\treeoffseteight=\skip59
\treeoffsetnine=\skip60
\treeoffsetten=\skip61
\treeoffseteleven=\skip62
\treeoffsettwelve=\skip63
\treeoffsetthirteen=\skip64
\treeoffsetfourteen=\skip65
\treeoffsetfifteen=\skip66
\treeoffsetsixteen=\skip67
\treeoffsetseventeen=\skip68
\treeoffseteighteen=\skip69
\treeoffsetnineteen=\skip70
\treeoffsettwenty=\skip71
\treeshiftone=\skip72
\treeshifttwo=\skip73
\treeshiftthree=\skip74
\treeshiftfour=\skip75
\treeshiftfive=\skip76
\treeshiftsix=\skip77
\treeshiftseven=\skip78
\treeshifteight=\skip79
\treeshiftnine=\skip80
\treeshiftten=\skip81
\treeshifteleven=\skip82
\treeshifttwelve=\skip83
\treeshiftthirteen=\skip84
\treeshiftfourteen=\skip85
\treeshiftfifteen=\skip86
\treeshiftsixteen=\skip87
\treeshiftseventeen=\skip88
\treeshifteighteen=\skip89
\treeshiftnineteen=\skip90
\treeshifttwenty=\skip91
\treewidthone=\skip92
\treewidthtwo=\skip93
\treewidththree=\skip94
\treewidthfour=\skip95
\treewidthfive=\skip96
\treewidthsix=\skip97
\treewidthseven=\skip98
\treewidtheight=\skip99
\treewidthnine=\skip100
\treewidthten=\skip101
\treewidtheleven=\skip102
\treewidthtwelve=\skip103
\treewidththirteen=\skip104
\treewidthfourteen=\skip105
\treewidthfifteen=\skip106
\treewidthsixteen=\skip107
\treewidthseventeen=\skip108
\treewidtheighteen=\skip109
\treewidthnineteen=\skip110
\treewidthtwenty=\skip111
\daughteroffsetone=\skip112
\daughteroffsettwo=\skip113
\daughteroffsetthree=\skip114
\daughteroffsetfour=\skip115
\branchwidthone=\skip116
\branchwidthtwo=\skip117
\branchwidththree=\skip118
\branchwidthfour=\skip119
\parentoffset=\skip120
\treeoffset=\skip121
\daughteroffset=\skip122
\branchwidth=\skip123
\parentwidth=\skip124
\treewidth=\skip125
\qta=\toks44
\qtb=\toks45
\nbranches=\count323
\qroofx=\count324
\qroofy=\count325
\@qrscratchbox=\box99
)
(/usr/share/texlive/texmf-dist/tex/latex/mathtools/mathtools.sty
Package: mathtools 2021/02/02 v1.28 mathematical typesetting tools

(/usr/share/texlive/texmf-dist/tex/latex/tools/calc.sty
Package: calc 2017/05/25 v4.3 Infix arithmetic (KKT,FJ)
\calc@Acount=\count326
\calc@Bcount=\count327
\calc@Adimen=\dimen338
\calc@Bdimen=\dimen339
\calc@Askip=\skip126
\calc@Bskip=\skip127
LaTeX Info: Redefining \setlength on input line 80.
LaTeX Info: Redefining \addtolength on input line 81.
\calc@Ccount=\count328
\calc@Cskip=\skip128
)
(/usr/share/texlive/texmf-dist/tex/latex/mathtools/mhsetup.sty
Package: mhsetup 2021/03/18 v1.4 programming setup (MH)
)
\g_MT_multlinerow_int=\count329
\l_MT_multwidth_dim=\dimen340
\origjot=\skip129
\l_MT_shortvdotswithinadjustabove_dim=\dimen341
\l_MT_shortvdotswithinadjustbelow_dim=\dimen342
\l_MT_above_intertext_sep=\dimen343
\l_MT_below_intertext_sep=\dimen344
\l_MT_above_shortintertext_sep=\dimen345
\l_MT_below_shortintertext_sep=\dimen346
\xmathstrut@box=\box100
\xmathstrut@dim=\dimen347
)
(/usr/share/texlive/texmf-dist/tex/latex/hyperref/hyperref.sty
Package: hyperref 2021-06-07 v7.00m Hypertext links for LaTeX

(/usr/share/texlive/texmf-dist/tex/generic/pdftexcmds/pdftexcmds.sty
Package: pdftexcmds 2020-06-27 v0.33 Utility functions of pdfTeX for LuaTeX (HO
)

(/usr/share/texlive/texmf-dist/tex/generic/infwarerr/infwarerr.sty
Package: infwarerr 2019/12/03 v1.5 Providing info/warning/error messages (HO)
)
Package pdftexcmds Info: \pdf@primitive is available.
Package pdftexcmds Info: \pdf@ifprimitive is available.
Package pdftexcmds Info: \pdfdraftmode found.
)
(/usr/share/texlive/texmf-dist/tex/generic/kvdefinekeys/kvdefinekeys.sty
Package: kvdefinekeys 2019-12-19 v1.6 Define keys (HO)
)
(/usr/share/texlive/texmf-dist/tex/generic/pdfescape/pdfescape.sty
Package: pdfescape 2019/12/09 v1.15 Implements pdfTeX's escape features (HO)
)
(/usr/share/texlive/texmf-dist/tex/latex/hycolor/hycolor.sty
Package: hycolor 2020-01-27 v1.10 Color options for hyperref/bookmark (HO)
)
(/usr/share/texlive/texmf-dist/tex/latex/letltxmacro/letltxmacro.sty
Package: letltxmacro 2019/12/03 v1.6 Let assignment for LaTeX macros (HO)
)
(/usr/share/texlive/texmf-dist/tex/latex/auxhook/auxhook.sty
Package: auxhook 2019-12-17 v1.6 Hooks for auxiliary files (HO)
)
\@linkdim=\dimen348
\Hy@linkcounter=\count330
\Hy@pagecounter=\count331

(/usr/share/texlive/texmf-dist/tex/latex/hyperref/pd1enc.def
File: pd1enc.def 2021-06-07 v7.00m Hyperref: PDFDocEncoding definition (HO)
Now handling font encoding PD1 ...
... no UTF-8 mapping file for font encoding PD1
)
(/usr/share/texlive/texmf-dist/tex/latex/hyperref/hyperref-langpatches.def
File: hyperref-langpatches.def 2021-06-07 v7.00m Hyperref: patches for babel la
nguages
)
(/usr/share/texlive/texmf-dist/tex/generic/intcalc/intcalc.sty
Package: intcalc 2019/12/15 v1.3 Expandable calculations with integers (HO)
)
(/usr/share/texlive/texmf-dist/tex/generic/etexcmds/etexcmds.sty
Package: etexcmds 2019/12/15 v1.7 Avoid name clashes with e-TeX commands (HO)
)
\Hy@SavedSpaceFactor=\count332

(/usr/share/texlive/texmf-dist/tex/latex/hyperref/puenc.def
File: puenc.def 2021-06-07 v7.00m Hyperref: PDF Unicode definition (HO)
Now handling font encoding PU ...
... no UTF-8 mapping file for font encoding PU
)
Package hyperref Info: Hyper figures OFF on input line 4192.
Package hyperref Info: Link nesting OFF on input line 4197.
Package hyperref Info: Hyper index ON on input line 4200.
Package hyperref Info: Plain pages OFF on input line 4207.
Package hyperref Info: Backreferencing OFF on input line 4212.
Package hyperref Info: Implicit mode ON; LaTeX internals redefined.
Package hyperref Info: Bookmarks ON on input line 4445.
\c@Hy@tempcnt=\count333

(/usr/share/texlive/texmf-dist/tex/latex/url/url.sty
\Urlmuskip=\muskip17
Package: url 2013/09/16  ver 3.4  Verb mode for urls, etc.
)
LaTeX Info: Redefining \url on input line 4804.
\XeTeXLinkMargin=\dimen349

(/usr/share/texlive/texmf-dist/tex/generic/bitset/bitset.sty
Package: bitset 2019/12/09 v1.3 Handle bit-vector datatype (HO)

(/usr/share/texlive/texmf-dist/tex/generic/bigintcalc/bigintcalc.sty
Package: bigintcalc 2019/12/15 v1.5 Expandable calculations on big integers (HO
)
))
\Fld@menulength=\count334
\Field@Width=\dimen350
\Fld@charsize=\dimen351
Package hyperref Info: Hyper figures OFF on input line 6076.
Package hyperref Info: Link nesting OFF on input line 6081.
Package hyperref Info: Hyper index ON on input line 6084.
Package hyperref Info: backreferencing OFF on input line 6091.
Package hyperref Info: Link coloring OFF on input line 6096.
Package hyperref Info: Link coloring with OCG OFF on input line 6101.
Package hyperref Info: PDF/A mode OFF on input line 6106.
LaTeX Info: Redefining \ref on input line 6146.
LaTeX Info: Redefining \pageref on input line 6150.

(/usr/share/texlive/texmf-dist/tex/latex/base/atbegshi-ltx.sty
Package: atbegshi-ltx 2021/01/10 v1.0c Emulation of the original atbegshi
package with kernel methods
)
\Hy@abspage=\count335
\c@Item=\count336
\c@Hfootnote=\count337
)
Package hyperref Info: Driver (autodetected): hpdftex.

(/usr/share/texlive/texmf-dist/tex/latex/hyperref/hpdftex.def
File: hpdftex.def 2021-06-07 v7.00m Hyperref driver for pdfTeX

(/usr/share/texlive/texmf-dist/tex/latex/base/atveryend-ltx.sty
Package: atveryend-ltx 2020/08/19 v1.0a Emulation of the original atveryend pac
kage
with kernel methods
)
\Fld@listcount=\count338
\c@bookmark@seq@number=\count339

(/usr/share/texlive/texmf-dist/tex/latex/rerunfilecheck/rerunfilecheck.sty
Package: rerunfilecheck 2019/12/05 v1.9 Rerun checks for auxiliary files (HO)

(/usr/share/texlive/texmf-dist/tex/generic/uniquecounter/uniquecounter.sty
Package: uniquecounter 2019/12/15 v1.4 Provide unlimited unique counter (HO)
)
Package uniquecounter Info: New unique counter `rerunfilecheck' on input line 2
86.
)
\Hy@SectionHShift=\skip130
)
(/usr/share/texlive/texmf-dist/tex/latex/listings/listings.sty
\lst@mode=\count340
\lst@gtempboxa=\box101
\lst@token=\toks46
\lst@length=\count341
\lst@currlwidth=\dimen352
\lst@column=\count342
\lst@pos=\count343
\lst@lostspace=\dimen353
\lst@width=\dimen354
\lst@newlines=\count344
\lst@lineno=\count345
\lst@maxwidth=\dimen355

(/usr/share/texlive/texmf-dist/tex/latex/listings/lstmisc.sty
File: lstmisc.sty 2020/03/24 1.8d (Carsten Heinz)
\c@lstnumber=\count346
\lst@skipnumbers=\count347
\lst@framebox=\box102
)
(/usr/share/texlive/texmf-dist/tex/latex/listings/listings.cfg
File: listings.cfg 2020/03/24 1.8d listings configuration
))
Package: listings 2020/03/24 1.8d (Carsten Heinz)

(/usr/share/texlive/texmf-dist/tex/latex/tools/indentfirst.sty
Package: indentfirst 1995/11/23 v1.03 Indent first paragraph (DPC)
)
(/usr/share/texlive/texmf-dist/tex/latex/titlesec/titlesec.sty
Package: titlesec 2021/07/05 v2.14 Sectioning titles
\ttl@box=\box103
\beforetitleunit=\skip131
\aftertitleunit=\skip132
\ttl@plus=\dimen356
\ttl@minus=\dimen357
\ttl@toksa=\toks47
\titlewidth=\dimen358
\titlewidthlast=\dimen359
\titlewidthfirst=\dimen360
)
   defining Unicode char U+00B9 (decimal 185)
   defining Unicode char U+00AC (decimal 172)
   defining Unicode char U+03B5 (decimal 949)
   defining Unicode char U+2200 (decimal 8704)
   defining Unicode char U+2203 (decimal 8707)
   defining Unicode char U+2229 (decimal 8745)
   defining Unicode char U+222A (decimal 8746)
   defining Unicode char U+2192 (decimal 8594)
   defining Unicode char U+2282 (decimal 8834)
   defining Unicode char U+03C9 (decimal 969)
   defining Unicode char U+2218 (decimal 8728)
   defining Unicode char U+207B (decimal 8315)
\c@xdefn=\count348
\c@xproposition=\count349
\c@xcorollary=\count350
\c@xrem=\count351
\c@xexm=\count352
\c@xlemma=\count353
\c@xtheorem=\count354
\c@xnotat=\count355
\c@xnewpar=\count356
\c@xproof=\count357
\c@xproofof=\count358

(/usr/share/texlive/texmf-dist/tex/latex/l3backend/l3backend-pdftex.def
File: l3backend-pdftex.def 2022-01-12 L3 backend support: PDF output (pdfTeX)
\l__color_backend_stack_int=\count359
\l__pdf_internal_box=\box104
)
(./pylog.aux)
\openout1 = `pylog.aux'.

LaTeX Font Info:    Checking defaults for OML/cmm/m/it on input line 165.
LaTeX Font Info:    ... okay on input line 165.
LaTeX Font Info:    Checking defaults for OMS/cmsy/m/n on input line 165.
LaTeX Font Info:    ... okay on input line 165.
LaTeX Font Info:    Checking defaults for OT1/cmr/m/n on input line 165.
LaTeX Font Info:    ... okay on input line 165.
LaTeX Font Info:    Checking defaults for T1/cmr/m/n on input line 165.
LaTeX Font Info:    ... okay on input line 165.
LaTeX Font Info:    Checking defaults for TS1/cmr/m/n on input line 165.
LaTeX Font Info:    ... okay on input line 165.
LaTeX Font Info:    Checking defaults for OMX/cmex/m/n on input line 165.
LaTeX Font Info:    ... okay on input line 165.
LaTeX Font Info:    Checking defaults for U/cmr/m/n on input line 165.
LaTeX Font Info:    ... okay on input line 165.
LaTeX Font Info:    Checking defaults for C00/song/m/n on input line 165.
LaTeX Font Info:    ... okay on input line 165.
LaTeX Font Info:    Checking defaults for C05/song/m/n on input line 165.
LaTeX Font Info:    ... okay on input line 165.
LaTeX Font Info:    Checking defaults for C09/song/m/n on input line 165.
LaTeX Font Info:    ... okay on input line 165.
LaTeX Font Info:    Checking defaults for C10/song/m/n on input line 165.
LaTeX Font Info:    ... okay on input line 165.
LaTeX Font Info:    Checking defaults for C20/song/m/n on input line 165.
LaTeX Font Info:    ... okay on input line 165.
LaTeX Font Info:    Checking defaults for C19/song/m/n on input line 165.
LaTeX Font Info:    ... okay on input line 165.
LaTeX Font Info:    Checking defaults for C40/song/m/n on input line 165.
LaTeX Font Info:    ... okay on input line 165.
LaTeX Font Info:    Checking defaults for C42/song/m/n on input line 165.
LaTeX Font Info:    ... okay on input line 165.
LaTeX Font Info:    Checking defaults for C43/song/m/n on input line 165.
LaTeX Font Info:    ... okay on input line 165.
LaTeX Font Info:    Checking defaults for C50/song/m/n on input line 165.
LaTeX Font Info:    ... okay on input line 165.
LaTeX Font Info:    Checking defaults for C52/song/m/n on input line 165.
LaTeX Font Info:    ... okay on input line 165.
LaTeX Font Info:    Checking defaults for C49/song/m/n on input line 165.
LaTeX Font Info:    ... okay on input line 165.
LaTeX Font Info:    Checking defaults for C60/mj/m/n on input line 165.
LaTeX Font Info:    ... okay on input line 165.
LaTeX Font Info:    Checking defaults for C61/mj/m/n on input line 165.
LaTeX Font Info:    ... okay on input line 165.
LaTeX Font Info:    Checking defaults for C63/mj/m/n on input line 165.
LaTeX Font Info:    ... okay on input line 165.
LaTeX Font Info:    Checking defaults for C64/mj/m/n on input line 165.
LaTeX Font Info:    ... okay on input line 165.
LaTeX Font Info:    Checking defaults for C65/mj/m/n on input line 165.
LaTeX Font Info:    ... okay on input line 165.
LaTeX Font Info:    Checking defaults for C70/song/m/n on input line 165.
LaTeX Font Info:    ... okay on input line 165.
LaTeX Font Info:    Checking defaults for C31/song/m/n on input line 165.
LaTeX Font Info:    ... okay on input line 165.
LaTeX Font Info:    Checking defaults for C32/song/m/n on input line 165.
LaTeX Font Info:    ... okay on input line 165.
LaTeX Font Info:    Checking defaults for C33/song/m/n on input line 165.
LaTeX Font Info:    ... okay on input line 165.
LaTeX Font Info:    Checking defaults for C34/song/m/n on input line 165.
LaTeX Font Info:    ... okay on input line 165.
LaTeX Font Info:    Checking defaults for C35/song/m/n on input line 165.
LaTeX Font Info:    ... okay on input line 165.
LaTeX Font Info:    Checking defaults for C36/song/m/n on input line 165.
LaTeX Font Info:    ... okay on input line 165.
LaTeX Font Info:    Checking defaults for C37/song/m/n on input line 165.
LaTeX Font Info:    ... okay on input line 165.
LaTeX Font Info:    Checking defaults for C80/song/m/n on input line 165.
LaTeX Font Info:    ... okay on input line 165.
LaTeX Font Info:    Checking defaults for C81/song/m/n on input line 165.
LaTeX Font Info:    ... okay on input line 165.
LaTeX Font Info:    Checking defaults for C01/song/m/n on input line 165.
LaTeX Font Info:    ... okay on input line 165.
LaTeX Font Info:    Checking defaults for C11/song/m/n on input line 165.
LaTeX Font Info:    ... okay on input line 165.
LaTeX Font Info:    Checking defaults for C21/song/m/n on input line 165.
LaTeX Font Info:    ... okay on input line 165.
LaTeX Font Info:    Checking defaults for C41/song/m/n on input line 165.
LaTeX Font Info:    ... okay on input line 165.
LaTeX Font Info:    Checking defaults for C62/song/m/n on input line 165.
LaTeX Font Info:    ... okay on input line 165.
LaTeX Font Info:    Checking defaults for PD1/pdf/m/n on input line 165.
LaTeX Font Info:    ... okay on input line 165.
LaTeX Font Info:    Checking defaults for PU/pdf/m/n on input line 165.
LaTeX Font Info:    ... okay on input line 165.

*geometry* driver: auto-detecting
*geometry* detected driver: pdftex
*geometry* verbose mode - [ preamble ] result:
* driver: pdftex
* paper: a4paper
* layout: <same size as paper>
* layoutoffset:(h,v)=(0.0pt,0.0pt)
* modes: 
* h-part:(L,W,R)=(56.9055pt, 483.69684pt, 56.90553pt)
* v-part:(T,H,B)=(56.9055pt, 731.23582pt, 56.90552pt)
* \paperwidth=597.50787pt
* \paperheight=845.04684pt
* \textwidth=483.69684pt
* \textheight=731.23582pt
* \oddsidemargin=-15.36449pt
* \evensidemargin=-15.36449pt
* \topmargin=-52.36449pt
* \headheight=12.0pt
* \headsep=25.0pt
* \topskip=12.0pt
* \footskip=30.0pt
* \marginparwidth=35.0pt
* \marginparsep=10.0pt
* \columnsep=10.0pt
* \skip\footins=10.8pt plus 4.0pt minus 2.0pt
* \hoffset=0.0pt
* \voffset=0.0pt
* \mag=1000
* \@twocolumnfalse
* \@twosidefalse
* \@mparswitchfalse
* \@reversemarginfalse
* (1in=72.27pt=25.4mm, 1cm=28.453pt)

(/usr/share/texlive/texmf-dist/tex/context/base/mkii/supp-pdf.mkii
[Loading MPS to PDF converter (version 2006.09.02).]
\scratchcounter=\count360
\scratchdimen=\dimen361
\scratchbox=\box105
\nofMPsegments=\count361
\nofMParguments=\count362
\everyMPshowfont=\toks48
\MPscratchCnt=\count363
\MPscratchDim=\dimen362
\MPnumerator=\count364
\makeMPintoPDFobject=\count365
\everyMPtoPDFconversion=\toks49
) (/usr/share/texlive/texmf-dist/tex/latex/epstopdf-pkg/epstopdf-base.sty
Package: epstopdf-base 2020-01-24 v2.11 Base part for package epstopdf
Package epstopdf-base Info: Redefining graphics rule for `.eps' on input line 4
85.

(/usr/share/texlive/texmf-dist/tex/latex/latexconfig/epstopdf-sys.cfg
File: epstopdf-sys.cfg 2010/07/13 v1.3 Configuration of (r)epstopdf for TeX Liv
e
))
Package hyperref Info: Link coloring OFF on input line 165.

(/usr/share/texlive/texmf-dist/tex/latex/hyperref/nameref.sty
Package: nameref 2021-04-02 v2.47 Cross-referencing by name of section

(/usr/share/texlive/texmf-dist/tex/latex/refcount/refcount.sty
Package: refcount 2019/12/15 v3.6 Data extraction from label references (HO)
)
(/usr/share/texlive/texmf-dist/tex/generic/gettitlestring/gettitlestring.sty
Package: gettitlestring 2019/12/15 v1.6 Cleanup title references (HO)
)
\c@section@level=\count366
)
LaTeX Info: Redefining \ref on input line 165.
LaTeX Info: Redefining \pageref on input line 165.
LaTeX Info: Redefining \nameref on input line 165.

(./pylog.out) (./pylog.out)
\@outlinefile=\write5
\openout5 = `pylog.out'.

\c@lstlisting=\count367
LaTeX Font Info:    Trying to load font information for U+msa on input line 174
.

(/usr/share/texlive/texmf-dist/tex/latex/amsfonts/umsa.fd
File: umsa.fd 2013/01/14 v3.01 AMS symbols A
)
LaTeX Font Info:    Trying to load font information for U+msb on input line 174
.

(/usr/share/texlive/texmf-dist/tex/latex/amsfonts/umsb.fd
File: umsb.fd 2013/01/14 v3.01 AMS symbols B
) [1
Non-PDF special ignored!
<special> header=pstricks.pro
Non-PDF special ignored!
<special> header=pst-algparser.pro
Non-PDF special ignored!
<special> header=pst-tools.pro
Non-PDF special ignored!
<special> header=pst-dots.pro
Non-PDF special ignored!
<special> header=psvectorian.pro

Non-PDF special ignored!
<special> ps: /pssetRGBcolor /setrgbcolor load def /pssetCMYKcolor /setcmyk...
Non-PDF special ignored!
<special> ps:tx@Dict begin  gsave STV CP T /ps@rot 0 def grestore  end
Non-PDF special ignored!
<special> ps:tx@Dict begin  gsave STV CP T /ps@refangle 0.  def grestore  e...
Non-PDF special ignored!
<special> ps:0.8 setlinewidth 0 setgray
{/var/lib/texmf/fonts/map/pdftex/updmap/pdftex.map}]
LaTeX Font Info:    Trying to load font information for TS1+qbk on input line 2
05.

(/usr/share/texmf/tex/latex/tex-gyre/ts1qbk.fd
File: ts1qbk.fd 2009/09/25 v1.2 font definition file for TS1/qbk
)
LaTeX Font Info:    Trying to load font information for U+euf on input line 227
.

(/usr/share/texlive/texmf-dist/tex/latex/amsfonts/ueuf.fd
File: ueuf.fd 2013/01/14 v3.01 Euler Fraktur
) [2]
\myBox1=\box106
\myScoreStart1=\dimen363
\myCenter1=\dimen364
\myScoreEnd1=\dimen365
\myBox2=\box107
\myScoreStart2=\dimen366
\myCenter2=\dimen367
\myScoreEnd2=\dimen368
\myBox3=\box108
\myScoreStart3=\dimen369
\myCenter3=\dimen370
\myScoreEnd3=\dimen371
 [3] [4] [5]
LaTeX Font Info:    Trying to load font information for T1+cmtt on input line 5
76.

(/usr/share/texlive/texmf-dist/tex/latex/base/t1cmtt.fd
File: t1cmtt.fd 2019/12/16 v2.5j Standard LaTeX font definitions
) [6] [7] [8] [9]
[10]
Overfull \hbox (14.97745pt too wide) in paragraph at lines 860--860
[]\T1/cmtt/m/n/12 Function(f) <-> (Relation(f) & $\OMS/cmsy/m/n/12 8$\T1/cmtt/m
/n/12 x.$\OMS/cmsy/m/n/12 8$\T1/cmtt/m/n/12 y.$\OMS/cmsy/m/n/12 8$\T1/cmtt/m/n/
12 z.((((x,y) $\OML/cmm/m/it/12 ^^O$ \T1/cmtt/m/n/12 f) & ((x,z) $\OML/cmm/m/it
/12 ^^O$ \T1/cmtt/m/n/12 f)) -> (y = z)))[] 
 []


Overfull \hbox (54.84052pt too wide) in paragraph at lines 860--860
[]\T1/cmtt/m/n/12 Connects(r,x) <-> $\OMS/cmsy/m/n/12 8$\T1/cmtt/m/n/12 y.$\OMS
/cmsy/m/n/12 8$\T1/cmtt/m/n/12 z.(((y $\OML/cmm/m/it/12 ^^O$ \T1/cmtt/m/n/12 x)
 & (z $\OML/cmm/m/it/12 ^^O$ \T1/cmtt/m/n/12 x)) -> ((y = z) v (((y,z) $\OML/cm
m/m/it/12 ^^O$ \T1/cmtt/m/n/12 r) v ((z,y) $\OML/cmm/m/it/12 ^^O$ \T1/cmtt/m/n/
12 r))))[] 
 []


Overfull \hbox (7.2791pt too wide) in paragraph at lines 860--860
[]\T1/cmtt/m/n/12 Asymmetric(r,x) <-> $\OMS/cmsy/m/n/12 8$\T1/cmtt/m/n/12 y.$\O
MS/cmsy/m/n/12 8$\T1/cmtt/m/n/12 z.(((y $\OML/cmm/m/it/12 ^^O$ \T1/cmtt/m/n/12 
x) & (z $\OML/cmm/m/it/12 ^^O$ \T1/cmtt/m/n/12 x)) -> (((y,z) $\OML/cmm/m/it/12
 ^^O$ \T1/cmtt/m/n/12 r) -> $\OMS/cmsy/m/n/12 :$\T1/cmtt/m/n/12 ((z,y) $\OML/cm
m/m/it/12 ^^O$ \T1/cmtt/m/n/12 r)))[] 
 []


Overfull \hbox (28.50232pt too wide) in paragraph at lines 860--860
[]\T1/cmtt/m/n/12 WellOrders(r,x) <-> (Connects(r,x) & $\OMS/cmsy/m/n/12 8$\T1/
cmtt/m/n/12 y.(((y $\OMS/cmsy/m/n/12 ^^Z$ \T1/cmtt/m/n/12 x) & $\OMS/cmsy/m/n/1
2 :$\T1/cmtt/m/n/12 (y = 0)) -> $\OMS/cmsy/m/n/12 9$\T1/cmtt/m/n/12 z.First(r,y
,z)))[] 
 []

[11]
Overfull \hbox (11.43454pt too wide) in paragraph at lines 900--900
[]\T1/cmtt/m/n/12 ((z $\OML/cmm/m/it/12 ^^O$ \T1/cmtt/m/n/12 (x $\OMS/cmsy/m/n/
12 [$ \T1/cmtt/m/n/12 y)) <-> ((z $\OML/cmm/m/it/12 ^^O$ \T1/cmtt/m/n/12 x) v (
z $\OML/cmm/m/it/12 ^^O$ \T1/cmtt/m/n/12 y))) & ((z $\OML/cmm/m/it/12 ^^O$ \T1/
cmtt/m/n/12 (x $\OMS/cmsy/m/n/12 \$ \T1/cmtt/m/n/12 y)) <-> ((z $\OML/cmm/m/it/
12 ^^O$ \T1/cmtt/m/n/12 x) & (z $\OML/cmm/m/it/12 ^^O$ \T1/cmtt/m/n/12 y)))[] 
 []

[12] [13] [14]
Overfull \hbox (14.97745pt too wide) in paragraph at lines 1252--1252
[]\T1/cmtt/m/n/12 Function(f) <-> (Relation(f) & $\OMS/cmsy/m/n/12 8$\T1/cmtt/m
/n/12 x.$\OMS/cmsy/m/n/12 8$\T1/cmtt/m/n/12 y.$\OMS/cmsy/m/n/12 8$\T1/cmtt/m/n/
12 z.((((x,y) $\OML/cmm/m/it/12 ^^O$ \T1/cmtt/m/n/12 f) & ((x,z) $\OML/cmm/m/it
/12 ^^O$ \T1/cmtt/m/n/12 f)) -> (y = z)))[] 
 []


Overfull \hbox (54.84052pt too wide) in paragraph at lines 1252--1252
[]\T1/cmtt/m/n/12 Connects(r,x) <-> $\OMS/cmsy/m/n/12 8$\T1/cmtt/m/n/12 y.$\OMS
/cmsy/m/n/12 8$\T1/cmtt/m/n/12 z.(((y $\OML/cmm/m/it/12 ^^O$ \T1/cmtt/m/n/12 x)
 & (z $\OML/cmm/m/it/12 ^^O$ \T1/cmtt/m/n/12 x)) -> ((y = z) v (((y,z) $\OML/cm
m/m/it/12 ^^O$ \T1/cmtt/m/n/12 r) v ((z,y) $\OML/cmm/m/it/12 ^^O$ \T1/cmtt/m/n/
12 r))))[] 
 []


Overfull \hbox (7.2791pt too wide) in paragraph at lines 1252--1252
[]\T1/cmtt/m/n/12 Asymmetric(r,x) <-> $\OMS/cmsy/m/n/12 8$\T1/cmtt/m/n/12 y.$\O
MS/cmsy/m/n/12 8$\T1/cmtt/m/n/12 z.(((y $\OML/cmm/m/it/12 ^^O$ \T1/cmtt/m/n/12 
x) & (z $\OML/cmm/m/it/12 ^^O$ \T1/cmtt/m/n/12 x)) -> (((y,z) $\OML/cmm/m/it/12
 ^^O$ \T1/cmtt/m/n/12 r) -> $\OMS/cmsy/m/n/12 :$\T1/cmtt/m/n/12 ((z,y) $\OML/cm
m/m/it/12 ^^O$ \T1/cmtt/m/n/12 r)))[] 
 []


Overfull \hbox (28.50232pt too wide) in paragraph at lines 1252--1252
[]\T1/cmtt/m/n/12 WellOrders(r,x) <-> (Connects(r,x) & $\OMS/cmsy/m/n/12 8$\T1/
cmtt/m/n/12 y.(((y $\OMS/cmsy/m/n/12 ^^Z$ \T1/cmtt/m/n/12 x) & $\OMS/cmsy/m/n/1
2 :$\T1/cmtt/m/n/12 (y = 0)) -> $\OMS/cmsy/m/n/12 9$\T1/cmtt/m/n/12 z.First(r,y
,z)))[] 
 []


Overfull \hbox (209.17783pt too wide) in paragraph at lines 1252--1252
[] \T1/cmtt/m/n/12 & WellOrders(r,range(f)))) & $\OMS/cmsy/m/n/12 8$\T1/cmtt/m/
n/12 u.$\OMS/cmsy/m/n/12 8$\T1/cmtt/m/n/12 v.((((u $\OML/cmm/m/it/12 ^^O$ \T1/c
mtt/m/n/12 domain(f)) & (v $\OML/cmm/m/it/12 ^^O$ \T1/cmtt/m/n/12 domain(f))) &
 ((u,v) $\OML/cmm/m/it/12 ^^O$ \T1/cmtt/m/n/12 r)) -> (((f'u),(f'v)) $\OML/cmm/
m/it/12 ^^O$ \T1/cmtt/m/n/12 r)))[] 
 []

[15] [16] [17] [18] [19]
Overfull \hbox (23.78152pt too wide) in paragraph at lines 1308--1308
[]\T1/cmtt/m/n/12 36. ((z $\OML/cmm/m/it/12 ^^O$ \T1/cmtt/m/n/12 (x $\OMS/cmsy/
m/n/12 \$ \T1/cmtt/m/n/12 y)) -> ((z $\OML/cmm/m/it/12 ^^O$ \T1/cmtt/m/n/12 x) 
& (z $\OML/cmm/m/it/12 ^^O$ \T1/cmtt/m/n/12 y))) & (((z $\OML/cmm/m/it/12 ^^O$ 
\T1/cmtt/m/n/12 x) & (z $\OML/cmm/m/it/12 ^^O$ \T1/cmtt/m/n/12 y)) -> (z $\OML/
cmm/m/it/12 ^^O$ \T1/cmtt/m/n/12 (x $\OMS/cmsy/m/n/12 \$ \T1/cmtt/m/n/12 y)))[]
 
 []


Overfull \hbox (36.12851pt too wide) in paragraph at lines 1308--1308
[]\T1/cmtt/m/n/12 38. ((z $\OML/cmm/m/it/12 ^^O$ \T1/cmtt/m/n/12 (x $\OMS/cmsy/
m/n/12 [$ \T1/cmtt/m/n/12 y)) <-> ((z $\OML/cmm/m/it/12 ^^O$ \T1/cmtt/m/n/12 x)
 v (z $\OML/cmm/m/it/12 ^^O$ \T1/cmtt/m/n/12 y))) & ((z $\OML/cmm/m/it/12 ^^O$ 
\T1/cmtt/m/n/12 (x $\OMS/cmsy/m/n/12 \$ \T1/cmtt/m/n/12 y)) <-> ((z $\OML/cmm/m
/it/12 ^^O$ \T1/cmtt/m/n/12 x) & (z $\OML/cmm/m/it/12 ^^O$ \T1/cmtt/m/n/12 y)))
[] 
 []

[20]
Overfull \hbox (97.86343pt too wide) in paragraph at lines 1364--1364
[]\T1/cmtt/m/n/12 1. ((z $\OML/cmm/m/it/12 ^^O$ \T1/cmtt/m/n/12 (x $\OMS/cmsy/m
/n/12 [$ \T1/cmtt/m/n/12 y)) <-> ((z $\OML/cmm/m/it/12 ^^O$ \T1/cmtt/m/n/12 x) 
v (z $\OML/cmm/m/it/12 ^^O$ \T1/cmtt/m/n/12 y))) & ((z $\OML/cmm/m/it/12 ^^O$ \
T1/cmtt/m/n/12 (x $\OMS/cmsy/m/n/12 \$ \T1/cmtt/m/n/12 y)) <-> ((z $\OML/cmm/m/
it/12 ^^O$ \T1/cmtt/m/n/12 x) & (z $\OML/cmm/m/it/12 ^^O$ \T1/cmtt/m/n/12 y))) 
TheoremInt[] 
 []


Overfull \hbox (73.16946pt too wide) in paragraph at lines 1364--1364
[]\T1/cmtt/m/n/12 3. ((z $\OML/cmm/m/it/12 ^^O$ \T1/cmtt/m/n/12 (x $\OMS/cmsy/m
/n/12 [$ \T1/cmtt/m/n/12 y)) -> ((z $\OML/cmm/m/it/12 ^^O$ \T1/cmtt/m/n/12 x) v
 (z $\OML/cmm/m/it/12 ^^O$ \T1/cmtt/m/n/12 y))) & (((z $\OML/cmm/m/it/12 ^^O$ \
T1/cmtt/m/n/12 x) v (z $\OML/cmm/m/it/12 ^^O$ \T1/cmtt/m/n/12 y)) -> (z $\OML/c
mm/m/it/12 ^^O$ \T1/cmtt/m/n/12 (x $\OMS/cmsy/m/n/12 [$ \T1/cmtt/m/n/12 y))) Eq
uivExp[] 
 []


Overfull \hbox (222.65741pt too wide) in paragraph at lines 1364--1364
[]\T1/cmtt/m/n/12 25. (((x $\OMS/cmsy/m/n/12 [$ \T1/cmtt/m/n/12 x) = x) -> $\OM
S/cmsy/m/n/12 8$\T1/cmtt/m/n/12 z.((z $\OML/cmm/m/it/12 ^^O$ \T1/cmtt/m/n/12 (x
 $\OMS/cmsy/m/n/12 [$ \T1/cmtt/m/n/12 x)) <-> (z $\OML/cmm/m/it/12 ^^O$ \T1/cmt
t/m/n/12 x))) & ($\OMS/cmsy/m/n/12 8$\T1/cmtt/m/n/12 z.((z $\OML/cmm/m/it/12 ^^
O$ \T1/cmtt/m/n/12 (x $\OMS/cmsy/m/n/12 [$ \T1/cmtt/m/n/12 x)) <-> (z $\OML/cmm
/m/it/12 ^^O$ \T1/cmtt/m/n/12 x)) -> ((x $\OMS/cmsy/m/n/12 [$ \T1/cmtt/m/n/12 x
) = x)) EquivExp[] 
 []

[21] [22] [23]
Overfull \hbox (676.91974pt too wide) in paragraph at lines 1485--1485
[]\T1/cmtt/m/n/12 "Th39","Th41", "Th42","Th43","Th44","Th46","Th47","Th49","Th5
0","Th53","Th54","Th55", "Th58", "Th59", "Th61", "Th62", "Th64", "Th67", "Th69"
, "Th70", "Th71", "Th73", "Th74","Th75","Th77"])[] 
 []

[24] [25] [26]
Overfull \hbox (4.00906pt too wide) in paragraph at lines 1696--1696
[] \T1/cmtt/m/n/12 if  n < len(seq.sequentlist)  and seq.sequentlist[n].head.na
me=="constructor":[] 
 []

[27]
Overfull \hbox (2.27429pt too wide) in paragraph at lines 1881--1881
[]\T1/cmtt/m/n/12 3. ([f: A $\OMS/cmsy/m/n/12 !$ \T1/cmtt/m/n/12 B|C] & ([g: B 
$\OMS/cmsy/m/n/12 !$ \T1/cmtt/m/n/12 D|C] & [h: D $\OMS/cmsy/m/n/12 !$ \T1/cmtt
/m/n/12 E|C])) -> ((h$\OMS/cmsy/m/n/12 ^^N$\T1/cmtt/m/n/12 (g$\OMS/cmsy/m/n/12 
^^N$\T1/cmtt/m/n/12 f)) = ((h$\OMS/cmsy/m/n/12 ^^N$\T1/cmtt/m/n/12 g)$\OMS/cmsy
/m/n/12 ^^N$\T1/cmtt/m/n/12 f))[] 
 []

[28]
Overfull \hbox (126.93124pt too wide) in paragraph at lines 1881--1881
[]\T1/cmtt/m/n/12 Isomorphism(f,A,B,C) <-> ([f: A $\OMS/cmsy/m/n/12 !$ \T1/cmtt
/m/n/12 B|C] & $\OMS/cmsy/m/n/12 9$\T1/cmtt/m/n/12 g.([g: B $\OMS/cmsy/m/n/12 !
$ \T1/cmtt/m/n/12 A|C] & (((g$\OMS/cmsy/m/n/12 ^^N$\T1/cmtt/m/n/12 f) = id(A)) 
& ((f$\OMS/cmsy/m/n/12 ^^N$\T1/cmtt/m/n/12 g) = id(B)))))[] 
 []

[29]
Overfull \hbox (71.36981pt too wide) in paragraph at lines 1881--1881
[]\T1/cmtt/m/n/12 77. [v: T $\OMS/cmsy/m/n/12 !$ \T1/cmtt/m/n/12 S|C] & $\OMS/c
msy/m/n/12 9$\T1/cmtt/m/n/12 h.([h: S $\OMS/cmsy/m/n/12 !$ \T1/cmtt/m/n/12 T|C]
 & (((h$\OMS/cmsy/m/n/12 ^^N$\T1/cmtt/m/n/12 v) = id(T)) & ((v$\OMS/cmsy/m/n/12
 ^^N$\T1/cmtt/m/n/12 h) = id(S))))  AndInt 36 76[] 
 []

[30]
Overfull \hbox (10.18256pt too wide) in paragraph at lines 1938--1938
[]\T1/cmtt/m/n/12 The comprehension scheme is converted into the two rules abov
e which are similar[] 
 []

[31] [32] (./pylog.aux)
Package rerunfilecheck Info: File `pylog.out' has not changed.
(rerunfilecheck)             Checksum: D41D8CD98F00B204E9800998ECF8427E;0.
 ) 
Here is how much of TeX's memory you used:
 27680 strings out of 478287
 500638 string characters out of 5849290
 817311 words of memory out of 5000000
 45296 multiletter control sequences out of 15000+600000
 502359 words of font info for 77 fonts, out of 8000000 for 9000
 1141 hyphenation exceptions out of 8191
 114i,8n,118p,787b,491s stack positions out of 5000i,500n,10000p,200000b,80000s
{/usr/share/texmf/fonts/enc/dvips/cm-super/cm-super-t1.enc}{/usr/share/texmf/
fonts/enc/dvips/tex-gyre/q-ts1.enc}{/usr/share/texmf/fonts/enc/dvips/tex-gyre/q
-ec.enc}</usr/share/texlive/texmf-dist/fonts/type1/public/amsfonts/cm/cmex10.pf
b></usr/share/texlive/texmf-dist/fonts/type1/public/amsfonts/cm/cmmi10.pfb></us
r/share/texlive/texmf-dist/fonts/type1/public/amsfonts/cm/cmmi12.pfb></usr/shar
e/texlive/texmf-dist/fonts/type1/public/amsfonts/cm/cmmi8.pfb></usr/share/texli
ve/texmf-dist/fonts/type1/public/amsfonts/cm/cmr10.pfb></usr/share/texlive/texm
f-dist/fonts/type1/public/amsfonts/cm/cmr12.pfb></usr/share/texlive/texmf-dist/
fonts/type1/public/amsfonts/cm/cmr8.pfb></usr/share/texlive/texmf-dist/fonts/ty
pe1/public/amsfonts/cm/cmsy10.pfb></usr/share/texlive/texmf-dist/fonts/type1/pu
blic/amsfonts/cm/cmsy8.pfb></usr/share/texlive/texmf-dist/fonts/type1/public/am
sfonts/euler/eufm10.pfb></usr/share/texmf/fonts/type1/public/tex-gyre/qbkr.pfb>
</usr/share/texmf/fonts/type1/public/cm-super/sftt1000.pfb></usr/share/texmf/fo
nts/type1/public/cm-super/sftt1200.pfb>
Output written on pylog.pdf (32 pages, 255155 bytes).
PDF statistics:
 261 PDF objects out of 1000 (max. 8388607)
 198 compressed objects within 2 object streams
 51 named destinations out of 1000 (max. 500000)
 13 words of extra memory for PDF output out of 10000 (max. 10000000)

